2020-10-23 17:45:03,456 [Worker-6: Loading available Gradle versions] INFO  o.e.b.c.i.u.g.PublishedGradleVersions - Gradle version information cache is up-to-date. Trying to read.
2020-10-23 17:52:56,291 [Worker-20: Importing Maven projects] INFO  o.e.m.c.i.l.LifecycleMappingFactory - Using org.eclipse.m2e.jdt.JarLifecycleMapping lifecycle mapping for MavenProject: Content1Project:ProjectPOM_Framework:0.0.1-SNAPSHOT @ C:\Users\suyash.trivedi\eclipse-workspace\Project_POM_Framework\pom.xml.
2020-10-23 17:52:57,653 [Worker-20: Importing Maven projects] INFO  o.e.m.j.i.AbstractJavaProjectConfigurator - Adding source folder /ProjectPOM_Framework/src/main/java
2020-10-23 17:52:57,653 [Worker-20: Importing Maven projects] INFO  o.e.m.j.i.AbstractJavaProjectConfigurator - Adding resource folder /ProjectPOM_Framework/src/main/resources
2020-10-23 17:52:57,654 [Worker-20: Importing Maven projects] INFO  o.e.m.j.i.AbstractJavaProjectConfigurator - Adding source folder /ProjectPOM_Framework/src/test/java
2020-10-23 17:52:57,655 [Worker-20: Importing Maven projects] INFO  o.e.m.j.i.AbstractJavaProjectConfigurator - Adding resource folder /ProjectPOM_Framework/src/test/resources
2020-10-23 17:52:58,002 [Worker-20: Importing Maven projects] INFO  o.e.m.c.i.p.ProjectConfigurationManager - Imported and configured 1 project(s) in 2 sec
2020-10-23 17:53:00,151 [Worker-22: Building] INFO  o.e.m.c.i.embedder.EclipseLogger - Using 'UTF-8' encoding to copy filtered resources.
2020-10-23 17:53:00,155 [Worker-22: Building] INFO  o.e.m.c.i.embedder.EclipseLogger - Copying 0 resource
2020-10-23 17:53:00,157 [Worker-22: Building] INFO  o.e.m.c.i.embedder.EclipseLogger - Using 'UTF-8' encoding to copy filtered resources.
2020-10-23 17:53:00,158 [Worker-22: Building] INFO  o.e.m.c.i.embedder.EclipseLogger - Copying 2 resources
2020-10-23 17:53:14,996 [Worker-20: Building] INFO  o.e.m.c.i.embedder.EclipseLogger - Using 'UTF-8' encoding to copy filtered resources.
2020-10-23 17:53:14,997 [Worker-20: Building] INFO  o.e.m.c.i.embedder.EclipseLogger - Copying 0 resource
2020-10-23 17:53:14,999 [Worker-20: Building] INFO  o.e.m.c.i.embedder.EclipseLogger - Using 'UTF-8' encoding to copy filtered resources.
2020-10-23 17:53:14,999 [Worker-20: Building] INFO  o.e.m.c.i.embedder.EclipseLogger - Copying 0 resource
2020-10-23 17:54:27,327 [Worker-23: Building] INFO  o.e.m.c.i.l.LifecycleMappingFactory - Using org.eclipse.m2e.jdt.JarLifecycleMapping lifecycle mapping for MavenProject: Content1Project:ProjectPOM_Framework:0.0.1-SNAPSHOT @ C:\Users\suyash.trivedi\git\SeleniumJavaPOMFramework\ProjectPOM_Framework\pom.xml.
2020-10-23 17:54:28,322 [Worker-23: Building] INFO  o.e.m.c.i.embedder.EclipseLogger - Using 'UTF-8' encoding to copy filtered resources.
2020-10-23 17:54:28,323 [Worker-23: Building] INFO  o.e.m.c.i.embedder.EclipseLogger - Copying 0 resource
2020-10-23 17:54:28,324 [Worker-23: Building] INFO  o.e.m.c.i.embedder.EclipseLogger - Using 'UTF-8' encoding to copy filtered resources.
2020-10-23 17:54:28,325 [Worker-23: Building] INFO  o.e.m.c.i.embedder.EclipseLogger - Copying 2 resources
2020-10-23 17:54:30,872 [Worker-25: Building] INFO  o.e.m.c.i.embedder.EclipseLogger - Using 'UTF-8' encoding to copy filtered resources.
2020-10-23 17:54:30,879 [Worker-25: Building] INFO  o.e.m.c.i.embedder.EclipseLogger - Copying 0 resource
2020-10-23 17:54:30,883 [Worker-25: Building] INFO  o.e.m.c.i.embedder.EclipseLogger - Using 'UTF-8' encoding to copy filtered resources.
2020-10-23 17:54:30,885 [Worker-25: Building] INFO  o.e.m.c.i.embedder.EclipseLogger - Copying 2 resources
2020-10-23 18:04:06,610 [Worker-30: Importing Maven projects] INFO  o.e.m.c.i.l.LifecycleMappingFactory - Using org.eclipse.m2e.jdt.JarLifecycleMapping lifecycle mapping for MavenProject: Content1Project:ProjectPOM_Framework:0.0.1-SNAPSHOT @ C:\Users\suyash.trivedi\git\SeleniumJavaPOMFramework\ProjectPOM_Framework\pom.xml.
2020-10-23 18:04:07,346 [Worker-30: Importing Maven projects] INFO  o.e.m.j.i.AbstractJavaProjectConfigurator - Adding source folder /ProjectPOM_Framework/src/main/java
2020-10-23 18:04:07,346 [Worker-30: Importing Maven projects] INFO  o.e.m.j.i.AbstractJavaProjectConfigurator - Adding resource folder /ProjectPOM_Framework/src/main/resources
2020-10-23 18:04:07,347 [Worker-30: Importing Maven projects] INFO  o.e.m.j.i.AbstractJavaProjectConfigurator - Adding source folder /ProjectPOM_Framework/src/test/java
2020-10-23 18:04:07,347 [Worker-30: Importing Maven projects] INFO  o.e.m.j.i.AbstractJavaProjectConfigurator - Adding resource folder /ProjectPOM_Framework/src/test/resources
2020-10-23 18:04:07,521 [Worker-30: Importing Maven projects] INFO  o.e.m.c.i.p.ProjectConfigurationManager - Imported and configured 1 project(s) in 1 sec
2020-10-23 18:04:08,438 [Worker-30: Building] INFO  o.e.m.c.i.embedder.EclipseLogger - Using 'UTF-8' encoding to copy filtered resources.
2020-10-23 18:04:08,439 [Worker-30: Building] INFO  o.e.m.c.i.embedder.EclipseLogger - Copying 0 resource
2020-10-23 18:04:08,441 [Worker-30: Building] INFO  o.e.m.c.i.embedder.EclipseLogger - Using 'UTF-8' encoding to copy filtered resources.
2020-10-23 18:04:08,442 [Worker-30: Building] INFO  o.e.m.c.i.embedder.EclipseLogger - Copying 2 resources
2020-10-23 18:05:21,803 [Worker-27: Importing Maven projects] INFO  o.e.m.c.i.l.LifecycleMappingFactory - Using org.eclipse.m2e.jdt.JarLifecycleMapping lifecycle mapping for MavenProject: Content1Project:ProjectPOM_Framework:0.0.1-SNAPSHOT @ C:\Users\suyash.trivedi\git\SeleniumJavaPOMFramework\ProjectPOM_Framework\pom.xml.
2020-10-23 18:05:22,548 [Worker-27: Importing Maven projects] INFO  o.e.m.j.i.AbstractJavaProjectConfigurator - Adding source folder /ProjectPOM_Framework/src/main/java
2020-10-23 18:05:22,549 [Worker-27: Importing Maven projects] INFO  o.e.m.j.i.AbstractJavaProjectConfigurator - Adding resource folder /ProjectPOM_Framework/src/main/resources
2020-10-23 18:05:22,549 [Worker-27: Importing Maven projects] INFO  o.e.m.j.i.AbstractJavaProjectConfigurator - Adding source folder /ProjectPOM_Framework/src/test/java
2020-10-23 18:05:22,549 [Worker-27: Importing Maven projects] INFO  o.e.m.j.i.AbstractJavaProjectConfigurator - Adding resource folder /ProjectPOM_Framework/src/test/resources
2020-10-23 18:05:22,782 [Worker-27: Importing Maven projects] INFO  o.e.m.c.i.p.ProjectConfigurationManager - Imported and configured 1 project(s) in 1 sec
2020-10-23 18:05:23,789 [Worker-30: Building] INFO  o.e.m.c.i.embedder.EclipseLogger - Using 'UTF-8' encoding to copy filtered resources.
2020-10-23 18:05:23,789 [Worker-30: Building] INFO  o.e.m.c.i.embedder.EclipseLogger - Copying 0 resource
2020-10-23 18:05:23,791 [Worker-30: Building] INFO  o.e.m.c.i.embedder.EclipseLogger - Using 'UTF-8' encoding to copy filtered resources.
2020-10-23 18:05:23,792 [Worker-30: Building] INFO  o.e.m.c.i.embedder.EclipseLogger - Copying 2 resources
2020-10-23 18:27:27,361 [Worker-36: Importing Maven projects] INFO  o.e.m.c.i.l.LifecycleMappingFactory - Using org.eclipse.m2e.jdt.JarLifecycleMapping lifecycle mapping for MavenProject: Content1Project:ContentOneProject_POM_Framework:0.0.1-SNAPSHOT @ C:\Users\suyash.trivedi\Downloads\Project_POM_Framework\pom.xml.
2020-10-23 18:27:27,833 [Worker-36: Importing Maven projects] INFO  o.e.m.j.i.AbstractJavaProjectConfigurator - Adding source folder /ContentOneProject_POM_Framework/src/main/java
2020-10-23 18:27:27,833 [Worker-36: Importing Maven projects] INFO  o.e.m.j.i.AbstractJavaProjectConfigurator - Adding resource folder /ContentOneProject_POM_Framework/src/main/resources
2020-10-23 18:27:27,839 [Worker-36: Importing Maven projects] INFO  o.e.m.j.i.AbstractJavaProjectConfigurator - Adding source folder /ContentOneProject_POM_Framework/src/test/java
2020-10-23 18:27:27,839 [Worker-36: Importing Maven projects] INFO  o.e.m.j.i.AbstractJavaProjectConfigurator - Adding resource folder /ContentOneProject_POM_Framework/src/test/resources
2020-10-23 18:27:28,016 [Worker-36: Importing Maven projects] INFO  o.e.m.c.i.p.ProjectConfigurationManager - Imported and configured 1 project(s) in 0 sec
2020-10-23 18:27:28,885 [Worker-35: Building] INFO  o.e.m.c.i.embedder.EclipseLogger - Using 'UTF-8' encoding to copy filtered resources.
2020-10-23 18:27:28,886 [Worker-35: Building] INFO  o.e.m.c.i.embedder.EclipseLogger - Copying 0 resource
2020-10-23 18:27:28,888 [Worker-35: Building] INFO  o.e.m.c.i.embedder.EclipseLogger - Using 'UTF-8' encoding to copy filtered resources.
2020-10-23 18:27:28,888 [Worker-35: Building] INFO  o.e.m.c.i.embedder.EclipseLogger - Copying 3 resources
2020-10-23 18:28:20,873 [Worker-35: Importing Maven projects] INFO  o.e.m.c.i.l.LifecycleMappingFactory - Using org.eclipse.m2e.jdt.JarLifecycleMapping lifecycle mapping for MavenProject: Content1Project:ContentOneProject_POM_Framework:0.0.1-SNAPSHOT @ C:\Users\suyash.trivedi\Downloads\Project_POM_Framework\pom.xml.
2020-10-23 18:28:21,534 [Worker-35: Importing Maven projects] INFO  o.e.m.j.i.AbstractJavaProjectConfigurator - Adding source folder /ContentOneProject_POM_Framework/src/main/java
2020-10-23 18:28:21,534 [Worker-35: Importing Maven projects] INFO  o.e.m.j.i.AbstractJavaProjectConfigurator - Adding resource folder /ContentOneProject_POM_Framework/src/main/resources
2020-10-23 18:28:21,535 [Worker-35: Importing Maven projects] INFO  o.e.m.j.i.AbstractJavaProjectConfigurator - Adding source folder /ContentOneProject_POM_Framework/src/test/java
2020-10-23 18:28:21,535 [Worker-35: Importing Maven projects] INFO  o.e.m.j.i.AbstractJavaProjectConfigurator - Adding resource folder /ContentOneProject_POM_Framework/src/test/resources
2020-10-23 18:28:21,701 [Worker-35: Importing Maven projects] INFO  o.e.m.c.i.p.ProjectConfigurationManager - Imported and configured 1 project(s) in 1 sec
2020-10-23 18:28:22,579 [Worker-27: Building] INFO  o.e.m.c.i.embedder.EclipseLogger - Using 'UTF-8' encoding to copy filtered resources.
2020-10-23 18:28:22,579 [Worker-27: Building] INFO  o.e.m.c.i.embedder.EclipseLogger - Copying 0 resource
2020-10-23 18:28:22,581 [Worker-27: Building] INFO  o.e.m.c.i.embedder.EclipseLogger - Using 'UTF-8' encoding to copy filtered resources.
2020-10-23 18:28:22,581 [Worker-27: Building] INFO  o.e.m.c.i.embedder.EclipseLogger - Copying 3 resources
